[debug] [2026-06-09T23:51:24.685Z] ----------------------------------------------------------------------
[debug] [2026-06-09T23:51:24.689Z] Command:       C:\Program Files\nodejs\node.exe C:\Users\natey\AppData\Roaming\npm\node_modules\firebase-tools\lib\bin\firebase.js projects:list
[debug] [2026-06-09T23:51:24.689Z] CLI Version:   14.15.2
[debug] [2026-06-09T23:51:24.689Z] Platform:      win32
[debug] [2026-06-09T23:51:24.690Z] Node Version:  v24.15.0
[debug] [2026-06-09T23:51:24.690Z] Time:          Wed Jun 10 2026 08:51:24 GMT+0900 (한국 표준시)
[debug] [2026-06-09T23:51:24.690Z] ----------------------------------------------------------------------
[debug] 
[debug] [2026-06-09T23:51:24.693Z] >>> [apiv2][query] GET https://firebase-public.firebaseio.com/cli.json [none]
[debug] [2026-06-09T23:51:24.715Z] > command requires scopes: ["email","openid","https://www.googleapis.com/auth/cloudplatformprojects.readonly","https://www.googleapis.com/auth/firebase","https://www.googleapis.com/auth/cloud-platform"]
[debug] [2026-06-09T23:51:24.716Z] > authorizing via signed-in user (icis030298@gmail.com)
[debug] [2026-06-09T23:51:24.719Z] Checked if tokens are valid: false, expires at: 1757560863170
[debug] [2026-06-09T23:51:24.719Z] Checked if tokens are valid: false, expires at: 1757560863170
[debug] [2026-06-09T23:51:24.719Z] > refreshing access token with scopes: []
[debug] [2026-06-09T23:51:24.721Z] >>> [apiv2][query] POST https://www.googleapis.com/oauth2/v3/token [none]
[debug] [2026-06-09T23:51:24.721Z] >>> [apiv2][body] POST https://www.googleapis.com/oauth2/v3/token [omitted]
[debug] [2026-06-09T23:51:24.922Z] <<< [apiv2][status] POST https://www.googleapis.com/oauth2/v3/token 400
[debug] [2026-06-09T23:51:24.922Z] <<< [apiv2][body] POST https://www.googleapis.com/oauth2/v3/token [omitted]
[debug] [2026-06-09T23:51:24.923Z] >>> [apiv2][query] GET https://firebase.googleapis.com/v1beta1/projects pageSize=1000
[debug] [2026-06-09T23:51:25.227Z] <<< [apiv2][status] GET https://firebase.googleapis.com/v1beta1/projects 401
[debug] [2026-06-09T23:51:25.227Z] <<< [apiv2][body] GET https://firebase.googleapis.com/v1beta1/projects [omitted]
[debug] [2026-06-09T23:51:25.227Z] Got a 401 Unauthenticated error for a call that required authentication. Refreshing tokens.
[debug] [2026-06-09T23:51:25.227Z] Checked if tokens are valid: false, expires at: 1757560863170
[debug] [2026-06-09T23:51:25.227Z] Checked if tokens are valid: false, expires at: 1757560863170
[debug] [2026-06-09T23:51:25.227Z] > refreshing access token with scopes: []
[debug] [2026-06-09T23:51:25.228Z] >>> [apiv2][query] POST https://www.googleapis.com/oauth2/v3/token [none]
[debug] [2026-06-09T23:51:25.228Z] >>> [apiv2][body] POST https://www.googleapis.com/oauth2/v3/token [omitted]
[debug] [2026-06-09T23:51:25.251Z] <<< [apiv2][status] GET https://firebase-public.firebaseio.com/cli.json 200
[debug] [2026-06-09T23:51:25.252Z] <<< [apiv2][body] GET https://firebase-public.firebaseio.com/cli.json {"cloudBuildErrorAfter":1594252800000,"cloudBuildWarnAfter":1590019200000,"defaultNode10After":1594252800000,"minVersion":"3.0.5","node8DeploysDisabledAfter":1613390400000,"node8RuntimeDisabledAfter":1615809600000,"node8WarnAfter":1600128000000}
[debug] [2026-06-09T23:51:25.312Z] <<< [apiv2][status] POST https://www.googleapis.com/oauth2/v3/token 400
[debug] [2026-06-09T23:51:25.313Z] <<< [apiv2][body] POST https://www.googleapis.com/oauth2/v3/token [omitted]
[debug] [2026-06-09T23:51:25.313Z] Request to https://firebase.googleapis.com/v1beta1/projects?pageSize=1000 had HTTP Error: 401, Request had invalid authentication credentials. Expected OAuth 2 access token, login cookie or other valid authentication credential. See https://developers.google.com/identity/sign-in/web/devconsole-project.
[debug] [2026-06-09T23:51:25.493Z] FirebaseError: Request to https://firebase.googleapis.com/v1beta1/projects?pageSize=1000 had HTTP Error: 401, Request had invalid authentication credentials. Expected OAuth 2 access token, login cookie or other valid authentication credential. See https://developers.google.com/identity/sign-in/web/devconsole-project.
    at responseToError (C:\Users\natey\AppData\Roaming\npm\node_modules\firebase-tools\lib\responseToError.js:52:12)
    at RetryOperation._fn (C:\Users\natey\AppData\Roaming\npm\node_modules\firebase-tools\lib\apiv2.js:312:77)
    at process.processTicksAndRejections (node:internal/process/task_queues:104:5)
[error] 
[error] Error: Failed to list Firebase projects. See firebase-debug.log for more info.
